<?xml version="1.0" encoding="utf-8"?><testsuites name="pytest tests"><testsuite name="pytest" errors="0" failures="0" skipped="0" tests="22" time="32.682" timestamp="2026-05-04T15:41:39.561537+00:00" hostname="agent-env-0256a2dd-f485-4a4d-8390-33905a5d5fab"><testcase classname="backend.tests.test_iter3.TestPWA" name="test_manifest" time="0.147" /><testcase classname="backend.tests.test_iter3.TestPWA" name="test_sw_js" time="0.151" /><testcase classname="backend.tests.test_iter3.TestPWA" name="test_index_html_pwa_tags" time="0.159" /><testcase classname="backend.tests.test_iter3.TestCompliance" name="test_list_4_modules" time="0.430" /><testcase classname="backend.tests.test_iter3.TestCompliance" name="test_loto_detail_with_my_progress" time="0.073" /><testcase classname="backend.tests.test_iter3.TestCompliance" name="test_loto_quiz_completes_with_6mo_expiry" time="0.158" /><testcase classname="backend.tests.test_iter3.TestCompliance" name="test_osha_quiz_completes_36mo_and_awards" time="0.208" /><testcase classname="backend.tests.test_iter3.TestAdaptive" name="test_adaptive_me" time="0.061" /><testcase classname="backend.tests.test_iter3.TestAdminTools" name="test_sites_list_admin" time="0.352" /><testcase classname="backend.tests.test_iter3.TestAdminTools" name="test_sites_list_student_forbidden" time="0.066" /><testcase classname="backend.tests.test_iter3.TestAdminTools" name="test_create_site_admin" time="0.058" /><testcase classname="backend.tests.test_iter3.TestAdminTools" name="test_create_site_student_forbidden" time="0.062" /><testcase classname="backend.tests.test_iter3.TestAdminTools" name="test_inventory_list_15" time="0.062" /><testcase classname="backend.tests.test_iter3.TestAdminTools" name="test_inventory_filter_by_site" time="0.066" /><testcase classname="backend.tests.test_iter3.TestAdminTools" name="test_checkout_flow" time="0.748" /><testcase classname="backend.tests.test_iter3.TestAINewModes" name="test_ai_modes[nec_lookup]" time="14.392" /><testcase classname="backend.tests.test_iter3.TestAINewModes" name="test_ai_modes[blueprint]" time="15.055" /><testcase classname="backend.tests.test_iter3.TestRegression" name="test_modules_still_12" time="0.061" /><testcase classname="backend.tests.test_iter3.TestRegression" name="test_labs_still_21" time="0.061" /><testcase classname="backend.tests.test_iter3.TestRegression" name="test_credentials_list" time="0.058" /><testcase classname="backend.tests.test_iter3.TestRegression" name="test_portfolio_me" time="0.066" /><testcase classname="backend.tests.test_iter3.TestRegression" name="test_instructor_submissions" time="0.062" /></testsuite></testsuites>