<?xml version="1.0" encoding="utf-8"?><testsuites name="pytest tests"><testsuite name="pytest" errors="0" failures="0" skipped="0" tests="29" time="7.462" timestamp="2026-05-04T15:58:15.864437+00:00" hostname="agent-env-0256a2dd-f485-4a4d-8390-33905a5d5fab"><testcase classname="backend.tests.test_iter4.TestHealthVersion" name="test_health" time="0.179" /><testcase classname="backend.tests.test_iter4.TestHealthVersion" name="test_version" time="0.134" /><testcase classname="backend.tests.test_iter4.TestRateLimit" name="test_login_11th_returns_429" time="1.340" /><testcase classname="backend.tests.test_iter4.TestNotifications" name="test_notifications_shape" time="0.429" /><testcase classname="backend.tests.test_iter4.TestNotifications" name="test_mark_all_read" time="0.111" /><testcase classname="backend.tests.test_iter4.TestNotifications" name="test_lab_approval_notification" time="1.616" /><testcase classname="backend.tests.test_iter4.TestNotifications" name="test_lab_rejection_notification" time="1.384" /><testcase classname="backend.tests.test_iter4.TestNotifications" name="test_mark_single_read" time="0.163" /><testcase classname="backend.tests.test_iter4.TestAuditLog" name="test_audit_admin_only" time="0.075" /><testcase classname="backend.tests.test_iter4.TestAuditLog" name="test_audit_contains_login_events" time="0.351" /><testcase classname="backend.tests.test_iter4.TestAttendance" name="test_instructor_can_record" time="0.117" /><testcase classname="backend.tests.test_iter4.TestAttendance" name="test_student_sees_own_attendance" time="0.053" /><testcase classname="backend.tests.test_iter4.TestAttendance" name="test_roster_as_instructor" time="0.081" /><testcase classname="backend.tests.test_iter4.TestIncidents" name="test_student_can_report" time="0.064" /><testcase classname="backend.tests.test_iter4.TestIncidents" name="test_audit_has_incident_reported" time="0.057" /><testcase classname="backend.tests.test_iter4.TestIncidents" name="test_instructor_lists_incidents_with_reporter" time="0.056" /><testcase classname="backend.tests.test_iter4.TestIncidents" name="test_student_cannot_list" time="0.058" /><testcase classname="backend.tests.test_iter4.TestIncidents" name="test_admin_can_resolve" time="0.138" /><testcase classname="backend.tests.test_iter4.TestIncidents" name="test_instructor_cannot_resolve" time="0.143" /><testcase classname="backend.tests.test_iter4.TestAnalytics" name="test_non_admin_denied" time="0.112" /><testcase classname="backend.tests.test_iter4.TestAnalytics" name="test_analytics_shape" time="0.083" /><testcase classname="backend.tests.test_iter4.TestRegression" name="test_modules_list" time="0.121" /><testcase classname="backend.tests.test_iter4.TestRegression" name="test_compliance_list" time="0.088" /><testcase classname="backend.tests.test_iter4.TestRegression" name="test_adaptive_me" time="0.068" /><testcase classname="backend.tests.test_iter4.TestRegression" name="test_credentials_me" time="0.071" /><testcase classname="backend.tests.test_iter4.TestRegression" name="test_roster_instructor" time="0.053" /><testcase classname="backend.tests.test_iter4.TestRegression" name="test_admin_users" time="0.066" /><testcase classname="backend.tests.test_iter4.TestRegression" name="test_admin_sites" time="0.057" /><testcase classname="backend.tests.test_iter4.TestRegression" name="test_labs_list" time="0.065" /></testsuite></testsuites>