<?xml version="1.0" encoding="utf-8"?><testsuites name="pytest tests"><testsuite name="pytest" errors="0" failures="0" skipped="0" tests="100" time="56.457" timestamp="2026-05-04T15:58:34.531732+00:00" hostname="agent-env-0256a2dd-f485-4a4d-8390-33905a5d5fab"><testcase classname="backend.tests.test_iter3.TestPWA" name="test_manifest" time="0.141" /><testcase classname="backend.tests.test_iter3.TestPWA" name="test_sw_js" time="0.116" /><testcase classname="backend.tests.test_iter3.TestPWA" name="test_index_html_pwa_tags" time="0.101" /><testcase classname="backend.tests.test_iter3.TestCompliance" name="test_list_4_modules" time="0.383" /><testcase classname="backend.tests.test_iter3.TestCompliance" name="test_loto_detail_with_my_progress" time="0.052" /><testcase classname="backend.tests.test_iter3.TestCompliance" name="test_loto_quiz_completes_with_6mo_expiry" time="0.107" /><testcase classname="backend.tests.test_iter3.TestCompliance" name="test_osha_quiz_completes_36mo_and_awards" time="0.154" /><testcase classname="backend.tests.test_iter3.TestAdaptive" name="test_adaptive_me" time="0.061" /><testcase classname="backend.tests.test_iter3.TestAdminTools" name="test_sites_list_admin" time="0.332" /><testcase classname="backend.tests.test_iter3.TestAdminTools" name="test_sites_list_student_forbidden" time="0.048" /><testcase classname="backend.tests.test_iter3.TestAdminTools" name="test_create_site_admin" time="0.051" /><testcase classname="backend.tests.test_iter3.TestAdminTools" name="test_create_site_student_forbidden" time="0.049" /><testcase classname="backend.tests.test_iter3.TestAdminTools" name="test_inventory_list_15" time="0.049" /><testcase classname="backend.tests.test_iter3.TestAdminTools" name="test_inventory_filter_by_site" time="0.049" /><testcase classname="backend.tests.test_iter3.TestAdminTools" name="test_checkout_flow" time="0.610" /><testcase classname="backend.tests.test_iter3.TestAINewModes" name="test_ai_modes[nec_lookup]" time="14.589" /><testcase classname="backend.tests.test_iter3.TestAINewModes" name="test_ai_modes[blueprint]" time="13.315" /><testcase classname="backend.tests.test_iter3.TestRegression" name="test_modules_still_12" time="0.056" /><testcase classname="backend.tests.test_iter3.TestRegression" name="test_labs_still_21" time="0.059" /><testcase classname="backend.tests.test_iter3.TestRegression" name="test_credentials_list" time="0.045" /><testcase classname="backend.tests.test_iter3.TestRegression" name="test_portfolio_me" time="0.058" /><testcase classname="backend.tests.test_iter3.TestRegression" name="test_instructor_submissions" time="0.053" /><testcase classname="backend.tests.test_iter4.TestHealthVersion" name="test_health" time="0.207" /><testcase classname="backend.tests.test_iter4.TestHealthVersion" name="test_version" time="0.107" /><testcase classname="backend.tests.test_iter4.TestRateLimit" name="test_login_11th_returns_429" time="1.251" /><testcase classname="backend.tests.test_iter4.TestNotifications" name="test_notifications_shape" time="0.457" /><testcase classname="backend.tests.test_iter4.TestNotifications" name="test_mark_all_read" time="0.136" /><testcase classname="backend.tests.test_iter4.TestNotifications" name="test_lab_approval_notification" time="1.738" /><testcase classname="backend.tests.test_iter4.TestNotifications" name="test_lab_rejection_notification" time="1.365" /><testcase classname="backend.tests.test_iter4.TestNotifications" name="test_mark_single_read" time="0.163" /><testcase classname="backend.tests.test_iter4.TestAuditLog" name="test_audit_admin_only" time="0.053" /><testcase classname="backend.tests.test_iter4.TestAuditLog" name="test_audit_contains_login_events" time="0.400" /><testcase classname="backend.tests.test_iter4.TestAttendance" name="test_instructor_can_record" time="0.130" /><testcase classname="backend.tests.test_iter4.TestAttendance" name="test_student_sees_own_attendance" time="0.056" /><testcase classname="backend.tests.test_iter4.TestAttendance" name="test_roster_as_instructor" time="0.059" /><testcase classname="backend.tests.test_iter4.TestIncidents" name="test_student_can_report" time="0.108" /><testcase classname="backend.tests.test_iter4.TestIncidents" name="test_audit_has_incident_reported" time="0.065" /><testcase classname="backend.tests.test_iter4.TestIncidents" name="test_instructor_lists_incidents_with_reporter" time="0.055" /><testcase classname="backend.tests.test_iter4.TestIncidents" name="test_student_cannot_list" time="0.056" /><testcase classname="backend.tests.test_iter4.TestIncidents" name="test_admin_can_resolve" time="0.128" /><testcase classname="backend.tests.test_iter4.TestIncidents" name="test_instructor_cannot_resolve" time="0.115" /><testcase classname="backend.tests.test_iter4.TestAnalytics" name="test_non_admin_denied" time="0.115" /><testcase classname="backend.tests.test_iter4.TestAnalytics" name="test_analytics_shape" time="0.126" /><testcase classname="backend.tests.test_iter4.TestRegression" name="test_modules_list" time="0.163" /><testcase classname="backend.tests.test_iter4.TestRegression" name="test_compliance_list" time="0.077" /><testcase classname="backend.tests.test_iter4.TestRegression" name="test_adaptive_me" time="0.060" /><testcase classname="backend.tests.test_iter4.TestRegression" name="test_credentials_me" time="0.065" /><testcase classname="backend.tests.test_iter4.TestRegression" name="test_roster_instructor" time="0.082" /><testcase classname="backend.tests.test_iter4.TestRegression" name="test_admin_users" time="0.057" /><testcase classname="backend.tests.test_iter4.TestRegression" name="test_admin_sites" time="0.121" /><testcase classname="backend.tests.test_iter4.TestRegression" name="test_labs_list" time="0.077" /><testcase classname="backend.tests.test_lcewai.TestAuth" name="test_login_admin" time="0.389" /><testcase classname="backend.tests.test_lcewai.TestAuth" name="test_login_instructor" time="0.280" /><testcase classname="backend.tests.test_lcewai.TestAuth" name="test_login_student" time="0.282" /><testcase classname="backend.tests.test_lcewai.TestAuth" name="test_login_invalid" time="0.068" /><testcase classname="backend.tests.test_lcewai.TestAuth" name="test_register_new_student" time="0.351" /><testcase classname="backend.tests.test_lcewai.TestAuth" name="test_me_associate_field" time="0.339" /><testcase classname="backend.tests.test_lcewai.TestModules" name="test_modules_list_12" time="0.053" /><testcase classname="backend.tests.test_lcewai.TestModules" name="test_module_detail" time="0.106" /><testcase classname="backend.tests.test_lcewai.TestProgressAndCerts" name="test_complete_quiz" time="0.224" /><testcase classname="backend.tests.test_lcewai.TestProgressAndCerts" name="test_certs_me" time="0.061" /><testcase classname="backend.tests.test_lcewai.TestProgressAndCerts" name="test_cert_pdf_download" time="0.063" /><testcase classname="backend.tests.test_lcewai.TestAI" name="test_ai_chat_modes[tutor]" time="2.924" /><testcase classname="backend.tests.test_lcewai.TestAI" name="test_ai_chat_modes[scripture]" time="5.564" /><testcase classname="backend.tests.test_lcewai.TestAI" name="test_ai_chat_modes[explain]" time="3.631" /><testcase classname="backend.tests.test_lcewai.TestLabs" name="test_labs_total_21" time="0.060" /><testcase classname="backend.tests.test_lcewai.TestLabs" name="test_labs_online_9" time="0.057" /><testcase classname="backend.tests.test_lcewai.TestLabs" name="test_labs_inperson_12" time="0.057" /><testcase classname="backend.tests.test_lcewai.TestLabs" name="test_lab_detail" time="0.062" /><testcase classname="backend.tests.test_lcewai.TestLabs" name="test_basic_circuit_sim_pass" time="0.058" /><testcase classname="backend.tests.test_lcewai.TestLabs" name="test_voltage_drop_calc_grading" time="0.068" /><testcase classname="backend.tests.test_lcewai.TestLabs" name="test_loto_scenario_pass" time="0.067" /><testcase classname="backend.tests.test_lcewai.TestLabs" name="test_inperson_submission_pending" time="0.065" /><testcase classname="backend.tests.test_lcewai.TestInstructor" name="test_pending_submissions" time="0.347" /><testcase classname="backend.tests.test_lcewai.TestInstructor" name="test_review_submission" time="0.194" /><testcase classname="backend.tests.test_lcewai.TestInstructor" name="test_lab_report" time="0.059" /><testcase classname="backend.tests.test_lcewai.TestCompetencies" name="test_competencies_8" time="0.065" /><testcase classname="backend.tests.test_lcewai.TestRolesAndAdmin" name="test_roster_student_forbidden" time="0.057" /><testcase classname="backend.tests.test_lcewai.TestRolesAndAdmin" name="test_roster_instructor_ok" time="0.064" /><testcase classname="backend.tests.test_lcewai.TestRolesAndAdmin" name="test_admin_stats_forbidden_for_student" time="0.050" /><testcase classname="backend.tests.test_lcewai.TestRolesAndAdmin" name="test_admin_stats_ok" time="0.336" /><testcase classname="backend.tests.test_lcewai.TestRolesAndAdmin" name="test_admin_users_forbidden_for_student" time="0.054" /><testcase classname="backend.tests.test_lcewai.TestRolesAndAdmin" name="test_admin_users_ok" time="0.057" /><testcase classname="backend.tests.test_lcewai.TestRolesAndAdmin" name="test_admin_associate_endpoint" time="0.101" /><testcase classname="backend.tests.test_lcewai.TestRolesAndAdmin" name="test_legacy_cohort_endpoint_removed" time="0.049" /><testcase classname="backend.tests.test_lcewai.TestCredentials" name="test_list_credentials_14" time="0.071" /><testcase classname="backend.tests.test_lcewai.TestCredentials" name="test_credentials_me_split" time="0.079" /><testcase classname="backend.tests.test_lcewai.TestCredentials" name="test_quiz_completion_awards_osha_10" time="0.182" /><testcase classname="backend.tests.test_lcewai.TestCredentials" name="test_credential_manifest_openbadges" time="0.129" /><testcase classname="backend.tests.test_lcewai.TestCredentials" name="test_credential_manifest_404" time="0.114" /><testcase classname="backend.tests.test_lcewai.TestCredentials" name="test_credential_assertion" time="0.213" /><testcase classname="backend.tests.test_lcewai.TestPortfolio" name="test_portfolio_me" time="0.071" /><testcase classname="backend.tests.test_lcewai.TestPortfolio" name="test_portfolio_publish_creates_slug" time="0.127" /><testcase classname="backend.tests.test_lcewai.TestPortfolio" name="test_portfolio_public_no_auth_no_email" time="0.175" /><testcase classname="backend.tests.test_lcewai.TestPortfolio" name="test_portfolio_unpublish_returns_404" time="0.319" /><testcase classname="backend.tests.test_lcewai.TestPortfolio" name="test_portfolio_export_pdf" time="0.166" /><testcase classname="backend.tests.test_lcewai.TestPortfolio" name="test_portfolio_export_pdf_invalid_token" time="0.159" /><testcase classname="backend.tests.test_lcewai.TestRebrand" name="test_no_cohort_in_modules" time="0.060" /><testcase classname="backend.tests.test_lcewai.TestRebrand" name="test_no_cohort_in_credentials" time="0.060" /><testcase classname="backend.tests.test_lcewai.TestRebrand" name="test_no_cohort_in_portfolio" time="0.069" /></testsuite></testsuites>