<?xml version="1.0" encoding="utf-8"?><testsuites name="pytest tests"><testsuite name="pytest" errors="0" failures="0" skipped="0" tests="34" time="17.451" timestamp="2026-05-04T14:30:03.958958+00:00" hostname="agent-env-0256a2dd-f485-4a4d-8390-33905a5d5fab"><testcase classname="backend.tests.test_lcewai.TestAuth" name="test_login_admin" time="0.440" /><testcase classname="backend.tests.test_lcewai.TestAuth" name="test_login_instructor" time="0.336" /><testcase classname="backend.tests.test_lcewai.TestAuth" name="test_login_student" time="0.281" /><testcase classname="backend.tests.test_lcewai.TestAuth" name="test_login_invalid" time="0.054" /><testcase classname="backend.tests.test_lcewai.TestAuth" name="test_register_new_student" time="0.333" /><testcase classname="backend.tests.test_lcewai.TestAuth" name="test_me_associate_field" time="0.321" /><testcase classname="backend.tests.test_lcewai.TestModules" name="test_modules_list_12" time="0.067" /><testcase classname="backend.tests.test_lcewai.TestModules" name="test_module_detail" time="0.105" /><testcase classname="backend.tests.test_lcewai.TestProgressAndCerts" name="test_complete_quiz" time="0.478" /><testcase classname="backend.tests.test_lcewai.TestProgressAndCerts" name="test_certs_me" time="0.060" /><testcase classname="backend.tests.test_lcewai.TestProgressAndCerts" name="test_cert_pdf_download" time="0.066" /><testcase classname="backend.tests.test_lcewai.TestAI" name="test_ai_chat_modes[tutor]" time="4.457" /><testcase classname="backend.tests.test_lcewai.TestAI" name="test_ai_chat_modes[scripture]" time="5.602" /><testcase classname="backend.tests.test_lcewai.TestAI" name="test_ai_chat_modes[explain]" time="2.953" /><testcase classname="backend.tests.test_lcewai.TestLabs" name="test_labs_total_21" time="0.055" /><testcase classname="backend.tests.test_lcewai.TestLabs" name="test_labs_online_9" time="0.059" /><testcase classname="backend.tests.test_lcewai.TestLabs" name="test_labs_inperson_12" time="0.051" /><testcase classname="backend.tests.test_lcewai.TestLabs" name="test_lab_detail" time="0.082" /><testcase classname="backend.tests.test_lcewai.TestLabs" name="test_basic_circuit_sim_pass" time="0.053" /><testcase classname="backend.tests.test_lcewai.TestLabs" name="test_voltage_drop_calc_grading" time="0.051" /><testcase classname="backend.tests.test_lcewai.TestLabs" name="test_loto_scenario_pass" time="0.051" /><testcase classname="backend.tests.test_lcewai.TestLabs" name="test_inperson_submission_pending" time="0.060" /><testcase classname="backend.tests.test_lcewai.TestInstructor" name="test_pending_submissions" time="0.322" /><testcase classname="backend.tests.test_lcewai.TestInstructor" name="test_review_submission" time="0.157" /><testcase classname="backend.tests.test_lcewai.TestInstructor" name="test_lab_report" time="0.067" /><testcase classname="backend.tests.test_lcewai.TestCompetencies" name="test_competencies_8" time="0.055" /><testcase classname="backend.tests.test_lcewai.TestRolesAndAdmin" name="test_roster_student_forbidden" time="0.051" /><testcase classname="backend.tests.test_lcewai.TestRolesAndAdmin" name="test_roster_instructor_ok" time="0.047" /><testcase classname="backend.tests.test_lcewai.TestRolesAndAdmin" name="test_admin_stats_forbidden_for_student" time="0.048" /><testcase classname="backend.tests.test_lcewai.TestRolesAndAdmin" name="test_admin_stats_ok" time="0.325" /><testcase classname="backend.tests.test_lcewai.TestRolesAndAdmin" name="test_admin_users_forbidden_for_student" time="0.049" /><testcase classname="backend.tests.test_lcewai.TestRolesAndAdmin" name="test_admin_users_ok" time="0.047" /><testcase classname="backend.tests.test_lcewai.TestRolesAndAdmin" name="test_admin_associate_endpoint" time="0.099" /><testcase classname="backend.tests.test_lcewai.TestRolesAndAdmin" name="test_legacy_cohort_endpoint_removed" time="0.046" /></testsuite></testsuites>